<?xml version="1.0" encoding="utf-8"?><testsuites name="pytest tests"><testsuite name="pytest" errors="0" failures="0" skipped="0" tests="19" time="6.060" timestamp="2026-05-17T05:27:59.237070+00:00" hostname="agent-env-e7e43290-742a-42f7-85bd-d73cd7161bc3"><testcase classname="backend.tests.backend_test.TestDomains" name="test_get_domains_returns_six" time="1.851" /><testcase classname="backend.tests.backend_test.TestDomains" name="test_get_domain_by_slug" time="0.065" /><testcase classname="backend.tests.backend_test.TestDomains" name="test_get_domain_not_found" time="0.047" /><testcase classname="backend.tests.backend_test.TestQuestions" name="test_questions_by_domain" time="0.055" /><testcase classname="backend.tests.backend_test.TestQuestions" name="test_questions_difficulty_filter" time="0.047" /><testcase classname="backend.tests.backend_test.TestQuestions" name="test_questions_most_asked" time="0.047" /><testcase classname="backend.tests.backend_test.TestAuth" name="test_login_success" time="0.272" /><testcase classname="backend.tests.backend_test.TestAuth" name="test_login_invalid_password" time="0.268" /><testcase classname="backend.tests.backend_test.TestAuth" name="test_login_unknown_email" time="0.047" /><testcase classname="backend.tests.backend_test.TestAuth" name="test_auth_me_with_cookie" time="0.376" /><testcase classname="backend.tests.backend_test.TestAuth" name="test_auth_me_unauthenticated" time="0.111" /><testcase classname="backend.tests.backend_test.TestAnalytics" name="test_analytics_requires_auth" time="0.096" /><testcase classname="backend.tests.backend_test.TestAnalytics" name="test_analytics_authenticated" time="0.054" /><testcase classname="backend.tests.backend_test.TestDomainCRUD" name="test_create_update_delete_domain" time="0.255" /><testcase classname="backend.tests.backend_test.TestDomainCRUD" name="test_create_domain_unauthenticated" time="0.115" /><testcase classname="backend.tests.backend_test.TestQuestionCRUD" name="test_create_update_delete_question" time="0.257" /><testcase classname="backend.tests.backend_test.TestSearch" name="test_search_closure" time="0.051" /><testcase classname="backend.tests.backend_test.TestSearch" name="test_search_short_query" time="0.054" /><testcase classname="backend.tests.backend_test.TestChat" name="test_chat_basic" time="1.786" /></testsuite></testsuites>